<?xml version="1.0"?>
<!DOCTYPE coverage SYSTEM "http://cobertura.sourceforge.net/xml/coverage-04.dtd">

<coverage line-rate="0.11728395061728394" branch-rate="1.0" lines-covered="38" lines-valid="324" branches-covered="0" branches-valid="0" complexity="0.0" version="1.9.4" timestamp="1393549052526">
	<sources>
		<source>D:/GitHub/ImageGallery/src</source>
	</sources>
	<packages>
		<package name="com.iomull.imageGallery" line-rate="0.0" branch-rate="1.0" complexity="0.0">
			<classes>
				<class name="com.iomull.imageGallery.ImageGalleryApp" filename="com/iomull/imageGallery/ImageGalleryApp.as" line-rate="0.0" branch-rate="1.0" complexity="0.0">
					<methods>
					</methods>
					<lines>
						<line number="1" hits="0" branch="false"/>
						<line number="21" hits="0" branch="false"/>
						<line number="22" hits="0" branch="false"/>
						<line number="23" hits="0" branch="false"/>
						<line number="25" hits="0" branch="false"/>
						<line number="26" hits="0" branch="false"/>
						<line number="30" hits="0" branch="false"/>
						<line number="32" hits="0" branch="false"/>
						<line number="34" hits="0" branch="false"/>
						<line number="35" hits="0" branch="false"/>
						<line number="37" hits="0" branch="false"/>
						<line number="38" hits="0" branch="false"/>
					</lines>
				</class>
			</classes>
		</package>
		<package name="com.iomull.imageGallery.constant" line-rate="0.0" branch-rate="1.0" complexity="0.0">
			<classes>
				<class name="com.iomull.imageGallery.constant.LoadName" filename="com/iomull/imageGallery/constant/LoadName.as" line-rate="0.0" branch-rate="1.0" complexity="0.0">
					<methods>
					</methods>
					<lines>
						<line number="1" hits="0" branch="false"/>
						<line number="14" hits="0" branch="false"/>
					</lines>
				</class>
				<class name="com.iomull.imageGallery.constant.LoadType" filename="com/iomull/imageGallery/constant/LoadType.as" line-rate="0.0" branch-rate="1.0" complexity="0.0">
					<methods>
					</methods>
					<lines>
						<line number="1" hits="0" branch="false"/>
						<line number="14" hits="0" branch="false"/>
					</lines>
				</class>
			</classes>
		</package>
		<package name="com.iomull.imageGallery.context" line-rate="0.0" branch-rate="1.0" complexity="0.0">
			<classes>
				<class name="com.iomull.imageGallery.context.ImageGalleryContext" filename="com/iomull/imageGallery/context/ImageGalleryContext.as" line-rate="0.0" branch-rate="1.0" complexity="0.0">
					<methods>
					</methods>
					<lines>
						<line number="1" hits="0" branch="false"/>
						<line number="18" hits="0" branch="false"/>
						<line number="19" hits="0" branch="false"/>
						<line number="23" hits="0" branch="false"/>
						<line number="24" hits="0" branch="false"/>
						<line number="26" hits="0" branch="false"/>
						<line number="27" hits="0" branch="false"/>
						<line number="28" hits="0" branch="false"/>
					</lines>
				</class>
			</classes>
		</package>
		<package name="com.iomull.imageGallery.controller" line-rate="0.0" branch-rate="1.0" complexity="0.0">
			<classes>
				<class name="com.iomull.imageGallery.controller.SelectedImagesCommand" filename="com/iomull/imageGallery/controller/SelectedImagesCommand.as" line-rate="0.0" branch-rate="1.0" complexity="0.0">
					<methods>
					</methods>
					<lines>
						<line number="1" hits="0" branch="false"/>
						<line number="35" hits="0" branch="false"/>
						<line number="36" hits="0" branch="false"/>
						<line number="39" hits="0" branch="false"/>
						<line number="41" hits="0" branch="false"/>
						<line number="43" hits="0" branch="false"/>
						<line number="44" hits="0" branch="false"/>
						<line number="45" hits="0" branch="false"/>
						<line number="47" hits="0" branch="false"/>
						<line number="48" hits="0" branch="false"/>
						<line number="49" hits="0" branch="false"/>
						<line number="57" hits="0" branch="false"/>
						<line number="58" hits="0" branch="false"/>
						<line number="60" hits="0" branch="false"/>
						<line number="63" hits="0" branch="false"/>
						<line number="65" hits="0" branch="false"/>
						<line number="66" hits="0" branch="false"/>
						<line number="69" hits="0" branch="false"/>
						<line number="71" hits="0" branch="false"/>
						<line number="72" hits="0" branch="false"/>
						<line number="75" hits="0" branch="false"/>
						<line number="76" hits="0" branch="false"/>
						<line number="79" hits="0" branch="false"/>
						<line number="80" hits="0" branch="false"/>
						<line number="83" hits="0" branch="false"/>
					</lines>
				</class>
			</classes>
		</package>
		<package name="com.iomull.imageGallery.controller.init" line-rate="0.0" branch-rate="1.0" complexity="0.0">
			<classes>
				<class name="com.iomull.imageGallery.controller.init.LaunchAppCommand" filename="com/iomull/imageGallery/controller/init/LaunchAppCommand.as" line-rate="0.0" branch-rate="1.0" complexity="0.0">
					<methods>
					</methods>
					<lines>
						<line number="1" hits="0" branch="false"/>
						<line number="17" hits="0" branch="false"/>
						<line number="18" hits="0" branch="false"/>
						<line number="23" hits="0" branch="false"/>
					</lines>
				</class>
				<class name="com.iomull.imageGallery.controller.init.StartupAppCommand" filename="com/iomull/imageGallery/controller/init/StartupAppCommand.as" line-rate="0.0" branch-rate="1.0" complexity="0.0">
					<methods>
					</methods>
					<lines>
						<line number="1" hits="0" branch="false"/>
						<line number="37" hits="0" branch="false"/>
						<line number="38" hits="0" branch="false"/>
						<line number="39" hits="0" branch="false"/>
						<line number="40" hits="0" branch="false"/>
						<line number="41" hits="0" branch="false"/>
						<line number="42" hits="0" branch="false"/>
						<line number="43" hits="0" branch="false"/>
						<line number="45" hits="0" branch="false"/>
						<line number="46" hits="0" branch="false"/>
						<line number="47" hits="0" branch="false"/>
						<line number="48" hits="0" branch="false"/>
						<line number="49" hits="0" branch="false"/>
						<line number="51" hits="0" branch="false"/>
						<line number="52" hits="0" branch="false"/>
						<line number="54" hits="0" branch="false"/>
						<line number="55" hits="0" branch="false"/>
						<line number="59" hits="0" branch="false"/>
					</lines>
				</class>
				<class name="com.iomull.imageGallery.controller.init.StartupAppCompleteCommand" filename="com/iomull/imageGallery/controller/init/StartupAppCompleteCommand.as" line-rate="0.0" branch-rate="1.0" complexity="0.0">
					<methods>
					</methods>
					<lines>
						<line number="1" hits="0" branch="false"/>
						<line number="25" hits="0" branch="false"/>
						<line number="26" hits="0" branch="false"/>
						<line number="28" hits="0" branch="false"/>
						<line number="29" hits="0" branch="false"/>
						<line number="34" hits="0" branch="false"/>
					</lines>
				</class>
			</classes>
		</package>
		<package name="com.iomull.imageGallery.controller.load" line-rate="0.0" branch-rate="1.0" complexity="0.0">
			<classes>
				<class name="com.iomull.imageGallery.controller.load.ImageXMLLoadedCommand" filename="com/iomull/imageGallery/controller/load/ImageXMLLoadedCommand.as" line-rate="0.0" branch-rate="1.0" complexity="0.0">
					<methods>
					</methods>
					<lines>
						<line number="1" hits="0" branch="false"/>
						<line number="20" hits="0" branch="false"/>
						<line number="21" hits="0" branch="false"/>
						<line number="22" hits="0" branch="false"/>
						<line number="23" hits="0" branch="false"/>
						<line number="27" hits="0" branch="false"/>
					</lines>
				</class>
				<class name="com.iomull.imageGallery.controller.load.ImagesLoadedCommand" filename="com/iomull/imageGallery/controller/load/ImagesLoadedCommand.as" line-rate="0.0" branch-rate="1.0" complexity="0.0">
					<methods>
					</methods>
					<lines>
						<line number="1" hits="0" branch="false"/>
						<line number="32" hits="0" branch="false"/>
						<line number="34" hits="0" branch="false"/>
						<line number="35" hits="0" branch="false"/>
						<line number="37" hits="0" branch="false"/>
						<line number="39" hits="0" branch="false"/>
						<line number="41" hits="0" branch="false"/>
						<line number="43" hits="0" branch="false"/>
						<line number="44" hits="0" branch="false"/>
						<line number="47" hits="0" branch="false"/>
						<line number="50" hits="0" branch="false"/>
						<line number="51" hits="0" branch="false"/>
						<line number="56" hits="0" branch="false"/>
					</lines>
				</class>
				<class name="com.iomull.imageGallery.controller.load.SignalParseCompleteCommand" filename="com/iomull/imageGallery/controller/load/SignalParseCompleteCommand.as" line-rate="0.0" branch-rate="1.0" complexity="0.0">
					<methods>
					</methods>
					<lines>
						<line number="1" hits="0" branch="false"/>
						<line number="29" hits="0" branch="false"/>
						<line number="30" hits="0" branch="false"/>
						<line number="31" hits="0" branch="false"/>
						<line number="33" hits="0" branch="false"/>
						<line number="36" hits="0" branch="false"/>
						<line number="37" hits="0" branch="false"/>
						<line number="38" hits="0" branch="false"/>
						<line number="44" hits="0" branch="false"/>
						<line number="46" hits="0" branch="false"/>
						<line number="47" hits="0" branch="false"/>
						<line number="48" hits="0" branch="false"/>
						<line number="51" hits="0" branch="false"/>
						<line number="53" hits="0" branch="false"/>
						<line number="54" hits="0" branch="false"/>
						<line number="55" hits="0" branch="false"/>
						<line number="58" hits="0" branch="false"/>
						<line number="59" hits="0" branch="false"/>
						<line number="64" hits="0" branch="false"/>
					</lines>
				</class>
			</classes>
		</package>
		<package name="com.iomull.imageGallery.model" line-rate="0.23809523809523808" branch-rate="1.0" complexity="0.0">
			<classes>
				<class name="com.iomull.imageGallery.model.ConfigAppModel" filename="com/iomull/imageGallery/model/ConfigAppModel.as" line-rate="1.0" branch-rate="1.0" complexity="0.0">
					<methods>
					</methods>
					<lines>
						<line number="1" hits="1" branch="false"/>
						<line number="22" hits="1" branch="false"/>
						<line number="24" hits="1" branch="false"/>
						<line number="28" hits="1" branch="false"/>
						<line number="30" hits="1" branch="false"/>
						<line number="32" hits="1" branch="false"/>
						<line number="34" hits="1" branch="false"/>
						<line number="35" hits="1" branch="false"/>
						<line number="38" hits="1" branch="false"/>
						<line number="39" hits="1" branch="false"/>
					</lines>
				</class>
				<class name="com.iomull.imageGallery.model.ImageModel" filename="com/iomull/imageGallery/model/ImageModel.as" line-rate="0.0" branch-rate="1.0" complexity="0.0">
					<methods>
					</methods>
					<lines>
						<line number="1" hits="0" branch="false"/>
						<line number="17" hits="0" branch="false"/>
					</lines>
				</class>
				<class name="com.iomull.imageGallery.model.StateModel" filename="com/iomull/imageGallery/model/StateModel.as" line-rate="0.0" branch-rate="1.0" complexity="0.0">
					<methods>
					</methods>
					<lines>
						<line number="1" hits="0" branch="false"/>
						<line number="12" hits="0" branch="false"/>
						<line number="18" hits="0" branch="false"/>
						<line number="23" hits="0" branch="false"/>
						<line number="24" hits="0" branch="false"/>
						<line number="28" hits="0" branch="false"/>
						<line number="33" hits="0" branch="false"/>
						<line number="34" hits="0" branch="false"/>
						<line number="38" hits="0" branch="false"/>
						<line number="43" hits="0" branch="false"/>
						<line number="44" hits="0" branch="false"/>
						<line number="49" hits="0" branch="false"/>
					</lines>
				</class>
				<class name="com.iomull.imageGallery.model.ViewAppModel" filename="com/iomull/imageGallery/model/ViewAppModel.as" line-rate="0.0" branch-rate="1.0" complexity="0.0">
					<methods>
					</methods>
					<lines>
						<line number="1" hits="0" branch="false"/>
						<line number="22" hits="0" branch="false"/>
						<line number="23" hits="0" branch="false"/>
						<line number="24" hits="0" branch="false"/>
						<line number="25" hits="0" branch="false"/>
						<line number="29" hits="0" branch="false"/>
						<line number="30" hits="0" branch="false"/>
						<line number="31" hits="0" branch="false"/>
						<line number="32" hits="0" branch="false"/>
						<line number="33" hits="0" branch="false"/>
						<line number="34" hits="0" branch="false"/>
						<line number="38" hits="0" branch="false"/>
						<line number="39" hits="0" branch="false"/>
						<line number="40" hits="0" branch="false"/>
						<line number="41" hits="0" branch="false"/>
						<line number="42" hits="0" branch="false"/>
						<line number="43" hits="0" branch="false"/>
						<line number="47" hits="0" branch="false"/>
					</lines>
				</class>
			</classes>
		</package>
		<package name="com.iomull.imageGallery.model.api" line-rate="0.0" branch-rate="1.0" complexity="0.0">
			<classes>
				<class name="com.iomull.imageGallery.model.api.IStateModel" filename="com/iomull/imageGallery/model/api/IStateModel.as" line-rate="0.0" branch-rate="1.0" complexity="0.0">
					<methods>
					</methods>
					<lines>
						<line number="1" hits="0" branch="false"/>
					</lines>
				</class>
			</classes>
		</package>
		<package name="com.iomull.imageGallery.model.vo" line-rate="1.0" branch-rate="1.0" complexity="0.0">
			<classes>
				<class name="com.iomull.imageGallery.model.vo.ImagePathVO" filename="com/iomull/imageGallery/model/vo/ImagePathVO.as" line-rate="1.0" branch-rate="1.0" complexity="0.0">
					<methods>
					</methods>
					<lines>
						<line number="1" hits="1" branch="false"/>
						<line number="13" hits="1" branch="false"/>
						<line number="15" hits="1" branch="false"/>
						<line number="16" hits="1" branch="false"/>
						<line number="17" hits="1" branch="false"/>
						<line number="18" hits="1" branch="false"/>
					</lines>
				</class>
			</classes>
		</package>
		<package name="com.iomull.imageGallery.service" line-rate="0.0" branch-rate="1.0" complexity="0.0">
			<classes>
				<class name="com.iomull.imageGallery.service.LoaderAppGallery" filename="com/iomull/imageGallery/service/LoaderAppGallery.as" line-rate="0.0" branch-rate="1.0" complexity="0.0">
					<methods>
					</methods>
					<lines>
						<line number="1" hits="0" branch="false"/>
						<line number="25" hits="0" branch="false"/>
						<line number="26" hits="0" branch="false"/>
						<line number="27" hits="0" branch="false"/>
						<line number="28" hits="0" branch="false"/>
						<line number="32" hits="0" branch="false"/>
						<line number="34" hits="0" branch="false"/>
						<line number="35" hits="0" branch="false"/>
						<line number="36" hits="0" branch="false"/>
						<line number="37" hits="0" branch="false"/>
						<line number="38" hits="0" branch="false"/>
						<line number="42" hits="0" branch="false"/>
						<line number="43" hits="0" branch="false"/>
						<line number="44" hits="0" branch="false"/>
						<line number="45" hits="0" branch="false"/>
						<line number="46" hits="0" branch="false"/>
						<line number="50" hits="0" branch="false"/>
						<line number="51" hits="0" branch="false"/>
						<line number="56" hits="0" branch="false"/>
						<line number="57" hits="0" branch="false"/>
						<line number="64" hits="0" branch="false"/>
						<line number="65" hits="0" branch="false"/>
						<line number="69" hits="0" branch="false"/>
						<line number="71" hits="0" branch="false"/>
						<line number="72" hits="0" branch="false"/>
						<line number="73" hits="0" branch="false"/>
						<line number="75" hits="0" branch="false"/>
						<line number="81" hits="0" branch="false"/>
						<line number="82" hits="0" branch="false"/>
						<line number="83" hits="0" branch="false"/>
						<line number="84" hits="0" branch="false"/>
						<line number="90" hits="0" branch="false"/>
						<line number="91" hits="0" branch="false"/>
						<line number="92" hits="0" branch="false"/>
						<line number="93" hits="0" branch="false"/>
						<line number="98" hits="0" branch="false"/>
						<line number="103" hits="0" branch="false"/>
					</lines>
				</class>
			</classes>
		</package>
		<package name="com.iomull.imageGallery.signals" line-rate="0.125" branch-rate="1.0" complexity="0.0">
			<classes>
				<class name="com.iomull.imageGallery.signals.ImageXMLLoadedSignal" filename="com/iomull/imageGallery/signals/ImageXMLLoadedSignal.as" line-rate="0.0" branch-rate="1.0" complexity="0.0">
					<methods>
					</methods>
					<lines>
						<line number="1" hits="0" branch="false"/>
						<line number="13" hits="0" branch="false"/>
						<line number="14" hits="0" branch="false"/>
					</lines>
				</class>
				<class name="com.iomull.imageGallery.signals.ImagesLoadedSignal" filename="com/iomull/imageGallery/signals/ImagesLoadedSignal.as" line-rate="0.0" branch-rate="1.0" complexity="0.0">
					<methods>
					</methods>
					<lines>
						<line number="1" hits="0" branch="false"/>
						<line number="13" hits="0" branch="false"/>
						<line number="14" hits="0" branch="false"/>
					</lines>
				</class>
				<class name="com.iomull.imageGallery.signals.LaunchAppSignal" filename="com/iomull/imageGallery/signals/LaunchAppSignal.as" line-rate="0.0" branch-rate="1.0" complexity="0.0">
					<methods>
					</methods>
					<lines>
						<line number="1" hits="0" branch="false"/>
						<line number="13" hits="0" branch="false"/>
						<line number="15" hits="0" branch="false"/>
					</lines>
				</class>
				<class name="com.iomull.imageGallery.signals.SelectedImageSignal" filename="com/iomull/imageGallery/signals/SelectedImageSignal.as" line-rate="0.0" branch-rate="1.0" complexity="0.0">
					<methods>
					</methods>
					<lines>
						<line number="1" hits="0" branch="false"/>
						<line number="13" hits="0" branch="false"/>
						<line number="14" hits="0" branch="false"/>
					</lines>
				</class>
				<class name="com.iomull.imageGallery.signals.ShowImageSignal" filename="com/iomull/imageGallery/signals/ShowImageSignal.as" line-rate="0.0" branch-rate="1.0" complexity="0.0">
					<methods>
					</methods>
					<lines>
						<line number="1" hits="0" branch="false"/>
						<line number="13" hits="0" branch="false"/>
						<line number="14" hits="0" branch="false"/>
					</lines>
				</class>
				<class name="com.iomull.imageGallery.signals.SignalParseComplete" filename="com/iomull/imageGallery/signals/SignalParseComplete.as" line-rate="1.0" branch-rate="1.0" complexity="0.0">
					<methods>
					</methods>
					<lines>
						<line number="1" hits="1" branch="false"/>
						<line number="14" hits="1" branch="false"/>
						<line number="15" hits="1" branch="false"/>
					</lines>
				</class>
				<class name="com.iomull.imageGallery.signals.StartupAppCompleteSignal" filename="com/iomull/imageGallery/signals/StartupAppCompleteSignal.as" line-rate="0.0" branch-rate="1.0" complexity="0.0">
					<methods>
					</methods>
					<lines>
						<line number="1" hits="0" branch="false"/>
						<line number="14" hits="0" branch="false"/>
						<line number="16" hits="0" branch="false"/>
					</lines>
				</class>
				<class name="com.iomull.imageGallery.signals.StartupAppSignal" filename="com/iomull/imageGallery/signals/StartupAppSignal.as" line-rate="0.0" branch-rate="1.0" complexity="0.0">
					<methods>
					</methods>
					<lines>
						<line number="1" hits="0" branch="false"/>
						<line number="12" hits="0" branch="false"/>
						<line number="14" hits="0" branch="false"/>
					</lines>
				</class>
			</classes>
		</package>
		<package name="com.iomull.imageGallery.view" line-rate="0.0" branch-rate="1.0" complexity="0.0">
			<classes>
				<class name="com.iomull.imageGallery.view.BigContainer" filename="com/iomull/imageGallery/view/BigContainer.as" line-rate="0.0" branch-rate="1.0" complexity="0.0">
					<methods>
					</methods>
					<lines>
						<line number="1" hits="0" branch="false"/>
						<line number="18" hits="0" branch="false"/>
						<line number="20" hits="0" branch="false"/>
						<line number="21" hits="0" branch="false"/>
						<line number="23" hits="0" branch="false"/>
						<line number="24" hits="0" branch="false"/>
						<line number="28" hits="0" branch="false"/>
						<line number="29" hits="0" branch="false"/>
						<line number="33" hits="0" branch="false"/>
						<line number="34" hits="0" branch="false"/>
						<line number="35" hits="0" branch="false"/>
						<line number="36" hits="0" branch="false"/>
						<line number="40" hits="0" branch="false"/>
						<line number="41" hits="0" branch="false"/>
						<line number="42" hits="0" branch="false"/>
						<line number="43" hits="0" branch="false"/>
						<line number="44" hits="0" branch="false"/>
						<line number="48" hits="0" branch="false"/>
					</lines>
				</class>
				<class name="com.iomull.imageGallery.view.SmallContainer" filename="com/iomull/imageGallery/view/SmallContainer.as" line-rate="0.0" branch-rate="1.0" complexity="0.0">
					<methods>
					</methods>
					<lines>
						<line number="1" hits="0" branch="false"/>
						<line number="18" hits="0" branch="false"/>
						<line number="21" hits="0" branch="false"/>
						<line number="22" hits="0" branch="false"/>
						<line number="23" hits="0" branch="false"/>
						<line number="27" hits="0" branch="false"/>
						<line number="28" hits="0" branch="false"/>
						<line number="29" hits="0" branch="false"/>
						<line number="31" hits="0" branch="false"/>
						<line number="32" hits="0" branch="false"/>
						<line number="35" hits="0" branch="false"/>
						<line number="39" hits="0" branch="false"/>
						<line number="41" hits="0" branch="false"/>
						<line number="42" hits="0" branch="false"/>
						<line number="46" hits="0" branch="false"/>
						<line number="48" hits="0" branch="false"/>
						<line number="49" hits="0" branch="false"/>
						<line number="50" hits="0" branch="false"/>
						<line number="52" hits="0" branch="false"/>
						<line number="56" hits="0" branch="false"/>
						<line number="58" hits="0" branch="false"/>
						<line number="59" hits="0" branch="false"/>
						<line number="61" hits="0" branch="false"/>
						<line number="62" hits="0" branch="false"/>
						<line number="65" hits="0" branch="false"/>
						<line number="66" hits="0" branch="false"/>
						<line number="70" hits="0" branch="false"/>
						<line number="71" hits="0" branch="false"/>
						<line number="72" hits="0" branch="false"/>
						<line number="73" hits="0" branch="false"/>
						<line number="74" hits="0" branch="false"/>
					</lines>
				</class>
			</classes>
		</package>
		<package name="com.iomull.imageGallery.view.mediator" line-rate="0.0" branch-rate="1.0" complexity="0.0">
			<classes>
				<class name="com.iomull.imageGallery.view.mediator.BigContainerMediator" filename="com/iomull/imageGallery/view/mediator/BigContainerMediator.as" line-rate="0.0" branch-rate="1.0" complexity="0.0">
					<methods>
					</methods>
					<lines>
						<line number="1" hits="0" branch="false"/>
						<line number="20" hits="0" branch="false"/>
						<line number="21" hits="0" branch="false"/>
						<line number="25" hits="0" branch="false"/>
						<line number="26" hits="0" branch="false"/>
						<line number="31" hits="0" branch="false"/>
					</lines>
				</class>
				<class name="com.iomull.imageGallery.view.mediator.SmallContainerMediator" filename="com/iomull/imageGallery/view/mediator/SmallContainerMediator.as" line-rate="0.0" branch-rate="1.0" complexity="0.0">
					<methods>
					</methods>
					<lines>
						<line number="1" hits="0" branch="false"/>
						<line number="25" hits="0" branch="false"/>
						<line number="26" hits="0" branch="false"/>
						<line number="27" hits="0" branch="false"/>
						<line number="31" hits="0" branch="false"/>
						<line number="32" hits="0" branch="false"/>
						<line number="36" hits="0" branch="false"/>
						<line number="37" hits="0" branch="false"/>
						<line number="38" hits="0" branch="false"/>
						<line number="43" hits="0" branch="false"/>
					</lines>
				</class>
			</classes>
		</package>
		<package name="com.iomull.imageGallery.view.signal" line-rate="0.0" branch-rate="1.0" complexity="0.0">
			<classes>
				<class name="com.iomull.imageGallery.view.signal.ClickSignal" filename="com/iomull/imageGallery/view/signal/ClickSignal.as" line-rate="0.0" branch-rate="1.0" complexity="0.0">
					<methods>
					</methods>
					<lines>
						<line number="1" hits="0" branch="false"/>
						<line number="13" hits="0" branch="false"/>
						<line number="14" hits="0" branch="false"/>
					</lines>
				</class>
			</classes>
		</package>
		<package name="tests.com.iomull.imageGallery" line-rate="0.0" branch-rate="1.0" complexity="0.0">
			<classes>
				<class name="tests.com.iomull.imageGallery.AllImageGalleryTestSuite" filename="tests/com/iomull/imageGallery/AllImageGalleryTestSuite.as" line-rate="0.0" branch-rate="1.0" complexity="0.0">
					<methods>
					</methods>
					<lines>
						<line number="1" hits="0" branch="false"/>
						<line number="16" hits="0" branch="false"/>
					</lines>
				</class>
				<class name="tests.com.iomull.imageGallery.LocalTestRunner" filename="tests/com/iomull/imageGallery/LocalTestRunner.as" line-rate="0.0" branch-rate="1.0" complexity="0.0">
					<methods>
					</methods>
					<lines>
						<line number="1" hits="0" branch="false"/>
						<line number="14" hits="0" branch="false"/>
						<line number="16" hits="0" branch="false"/>
						<line number="17" hits="0" branch="false"/>
						<line number="18" hits="0" branch="false"/>
						<line number="24" hits="0" branch="false"/>
						<line number="25" hits="0" branch="false"/>
						<line number="26" hits="0" branch="false"/>
						<line number="27" hits="0" branch="false"/>
					</lines>
				</class>
			</classes>
		</package>
		<package name="tests.com.iomull.imageGallery.model" line-rate="0.95" branch-rate="1.0" complexity="0.0">
			<classes>
				<class name="tests.com.iomull.imageGallery.model.AllModelTestSuite" filename="tests/com/iomull/imageGallery/model/AllModelTestSuite.as" line-rate="0.5" branch-rate="1.0" complexity="0.0">
					<methods>
					</methods>
					<lines>
						<line number="1" hits="1" branch="false"/>
						<line number="15" hits="0" branch="false"/>
					</lines>
				</class>
				<class name="tests.com.iomull.imageGallery.model.ConfigModelTest" filename="tests/com/iomull/imageGallery/model/ConfigModelTest.as" line-rate="1.0" branch-rate="1.0" complexity="0.0">
					<methods>
					</methods>
					<lines>
						<line number="1" hits="1" branch="false"/>
						<line number="19" hits="1" branch="false"/>
						<line number="20" hits="1" branch="false"/>
						<line number="21" hits="1" branch="false"/>
						<line number="22" hits="1" branch="false"/>
						<line number="30" hits="1" branch="false"/>
						<line number="32" hits="1" branch="false"/>
						<line number="34" hits="1" branch="false"/>
						<line number="36" hits="1" branch="false"/>
						<line number="37" hits="1" branch="false"/>
						<line number="38" hits="1" branch="false"/>
						<line number="40" hits="1" branch="false"/>
						<line number="41" hits="1" branch="false"/>
						<line number="42" hits="1" branch="false"/>
						<line number="43" hits="1" branch="false"/>
						<line number="48" hits="1" branch="false"/>
						<line number="49" hits="1" branch="false"/>
						<line number="53" hits="1" branch="false"/>
					</lines>
				</class>
			</classes>
		</package>
	</packages>
</coverage>
